# JRE version: OpenJDK Runtime Environment (8.0_212-b04) (build 1.8.0_212-release-1586-b04)
# Java VM: OpenJDK 64-Bit Server VM (25.212-b04 mixed mode windows-amd64 compressed oops)
Heap:
 PSYoungGen      total 141824K, used 69721K [0x00000000e0000000, 0x00000000ea200000, 0x0000000100000000)
  eden space 129024K, 44% used [0x00000000e0000000,0x00000000e3796be8,0x00000000e7e00000)
  from space 12800K, 99% used [0x00000000e9580000,0x00000000ea1ffbd0,0x00000000ea200000)
  to   space 14848K, 0% used [0x00000000e8500000,0x00000000e8500000,0x00000000e9380000)
 ParOldGen       total 95744K, used 19330K [0x00000000a0000000, 0x00000000a5d80000, 0x00000000e0000000)
  object space 95744K, 20% used [0x00000000a0000000,0x00000000a12e0800,0x00000000a5d80000)
 Metaspace       used 48768K, capacity 50230K, committed 50560K, reserved 1093632K
  class space    used 6545K, capacity 6934K, committed 7040K, reserved 1048576K
GC Heap History (10 events):
Event: 5.059 GC heap before
{Heap before GC invocations=8 (full 1):
 PSYoungGen      total 76288K, used 65536K [0x00000000e0000000, 0x00000000e5800000, 0x0000000100000000)
  eden space 65536K, 100% used [0x00000000e0000000,0x00000000e4000000,0x00000000e4000000)
  from space 10752K, 0% used [0x00000000e4b80000,0x00000000e4b80000,0x00000000e5600000)
  to   space 11776K, 0% used [0x00000000e4000000,0x00000000e4000000,0x00000000e4b80000)
 ParOldGen       total 60928K, used 9636K [0x00000000a0000000, 0x00000000a3b80000, 0x00000000e0000000)
  object space 60928K, 15% used [0x00000000a0000000,0x00000000a09693a8,0x00000000a3b80000)
 Metaspace       used 29013K, capacity 29550K, committed 29696K, reserved 1075200K
  class space    used 3911K, capacity 4065K, committed 4096K, reserved 1048576K
Event: 5.068 GC heap after
Heap after GC invocations=8 (full 1):
 PSYoungGen      total 77312K, used 8024K [0x00000000e0000000, 0x00000000e7c00000, 0x0000000100000000)
  eden space 65536K, 0% used [0x00000000e0000000,0x00000000e0000000,0x00000000e4000000)
  from space 11776K, 68% used [0x00000000e4000000,0x00000000e47d6330,0x00000000e4b80000)
  to   space 11776K, 0% used [0x00000000e7080000,0x00000000e7080000,0x00000000e7c00000)
 ParOldGen       total 60928K, used 9644K [0x00000000a0000000, 0x00000000a3b80000, 0x00000000e0000000)
  object space 60928K, 15% used [0x00000000a0000000,0x00000000a096b3a8,0x00000000a3b80000)
 Metaspace       used 29013K, capacity 29550K, committed 29696K, reserved 1075200K
  class space    used 3911K, capacity 4065K, committed 4096K, reserved 1048576K
}
Event: 5.585 GC heap before
{Heap before GC invocations=9 (full 1):
 PSYoungGen      total 77312K, used 73560K [0x00000000e0000000, 0x00000000e7c00000, 0x0000000100000000)
  eden space 65536K, 100% used [0x00000000e0000000,0x00000000e4000000,0x00000000e4000000)
  from space 11776K, 68% used [0x00000000e4000000,0x00000000e47d6330,0x00000000e4b80000)
  to   space 11776K, 0% used [0x00000000e7080000,0x00000000e7080000,0x00000000e7c00000)
 ParOldGen       total 60928K, used 9644K [0x00000000a0000000, 0x00000000a3b80000, 0x00000000e0000000)
  object space 60928K, 15% used [0x00000000a0000000,0x00000000a096b3a8,0x00000000a3b80000)
 Metaspace       used 31860K, capacity 32396K, committed 32512K, reserved 1077248K
  class space    used 4374K, capacity 4587K, committed 4608K, reserved 1048576K
Event: 5.593 GC heap after
Heap after GC invocations=9 (full 1):
 PSYoungGen      total 115200K, used 8222K [0x00000000e0000000, 0x00000000e7c00000, 0x0000000100000000)
  eden space 103424K, 0% used [0x00000000e0000000,0x00000000e0000000,0x00000000e6500000)
  from space 11776K, 69% used [0x00000000e7080000,0x00000000e7887870,0x00000000e7c00000)
  to   space 11776K, 0% used [0x00000000e6500000,0x00000000e6500000,0x00000000e7080000)
 ParOldGen       total 60928K, used 9652K [0x00000000a0000000, 0x00000000a3b80000, 0x00000000e0000000)
  object space 60928K, 15% used [0x00000000a0000000,0x00000000a096d3a8,0x00000000a3b80000)
 Metaspace       used 31860K, capacity 32396K, committed 32512K, reserved 1077248K
  class space    used 4374K, capacity 4587K, committed 4608K, reserved 1048576K
}
Event: 6.239 GC heap before
{Heap before GC invocations=10 (full 1):
 PSYoungGen      total 115200K, used 74480K [0x00000000e0000000, 0x00000000e7c00000, 0x0000000100000000)
  eden space 103424K, 64% used [0x00000000e0000000,0x00000000e40b4b48,0x00000000e6500000)
  from space 11776K, 69% used [0x00000000e7080000,0x00000000e7887870,0x00000000e7c00000)
  to   space 11776K, 0% used [0x00000000e6500000,0x00000000e6500000,0x00000000e7080000)
 ParOldGen       total 60928K, used 9652K [0x00000000a0000000, 0x00000000a3b80000, 0x00000000e0000000)
  object space 60928K, 15% used [0x00000000a0000000,0x00000000a096d3a8,0x00000000a3b80000)
 Metaspace       used 34560K, capacity 35428K, committed 35456K, reserved 1079296K
  class space    used 4753K, capacity 4971K, committed 4992K, reserved 1048576K
Event: 6.250 GC heap after
Heap after GC invocations=10 (full 1):
 PSYoungGen      total 115200K, used 10602K [0x00000000e0000000, 0x00000000ea200000, 0x0000000100000000)
  eden space 103424K, 0% used [0x00000000e0000000,0x00000000e0000000,0x00000000e6500000)
  from space 11776K, 90% used [0x00000000e6500000,0x00000000e6f5a8b0,0x00000000e7080000)
  to   space 12800K, 0% used [0x00000000e9580000,0x00000000e9580000,0x00000000ea200000)
 ParOldGen       total 60928K, used 9660K [0x00000000a0000000, 0x00000000a3b80000, 0x00000000e0000000)
  object space 60928K, 15% used [0x00000000a0000000,0x00000000a096f3a8,0x00000000a3b80000)
 Metaspace       used 34560K, capacity 35428K, committed 35456K, reserved 1079296K
  class space    used 4753K, capacity 4971K, committed 4992K, reserved 1048576K
}
Event: 6.250 GC heap before
{Heap before GC invocations=11 (full 2):
 PSYoungGen      total 115200K, used 10602K [0x00000000e0000000, 0x00000000ea200000, 0x0000000100000000)
  eden space 103424K, 0% used [0x00000000e0000000,0x00000000e0000000,0x00000000e6500000)
  from space 11776K, 90% used [0x00000000e6500000,0x00000000e6f5a8b0,0x00000000e7080000)
  to   space 12800K, 0% used [0x00000000e9580000,0x00000000e9580000,0x00000000ea200000)
 ParOldGen       total 60928K, used 9660K [0x00000000a0000000, 0x00000000a3b80000, 0x00000000e0000000)
  object space 60928K, 15% used [0x00000000a0000000,0x00000000a096f3a8,0x00000000a3b80000)
 Metaspace       used 34560K, capacity 35428K, committed 35456K, reserved 1079296K
  class space    used 4753K, capacity 4971K, committed 4992K, reserved 1048576K
Event: 6.307 GC heap after
Heap after GC invocations=11 (full 2):
 PSYoungGen      total 115200K, used 0K [0x00000000e0000000, 0x00000000ea200000, 0x0000000100000000)
  eden space 103424K, 0% used [0x00000000e0000000,0x00000000e0000000,0x00000000e6500000)
  from space 11776K, 0% used [0x00000000e6500000,0x00000000e6500000,0x00000000e7080000)
  to   space 12800K, 0% used [0x00000000e9580000,0x00000000e9580000,0x00000000ea200000)
 ParOldGen       total 95744K, used 17450K [0x00000000a0000000, 0x00000000a5d80000, 0x00000000e0000000)
  object space 95744K, 18% used [0x00000000a0000000,0x00000000a110aa88,0x00000000a5d80000)
 Metaspace       used 34532K, capacity 35332K, committed 35456K, reserved 1079296K
  class space    used 4744K, capacity 4955K, committed 4992K, reserved 1048576K
}
Event: 7.853 GC heap before
{Heap before GC invocations=12 (full 2):
 PSYoungGen      total 115200K, used 103424K [0x00000000e0000000, 0x00000000ea200000, 0x0000000100000000)
  eden space 103424K, 100% used [0x00000000e0000000,0x00000000e6500000,0x00000000e6500000)
  from space 11776K, 0% used [0x00000000e6500000,0x00000000e6500000,0x00000000e7080000)
  to   space 12800K, 0% used [0x00000000e9580000,0x00000000e9580000,0x00000000ea200000)
 ParOldGen       total 95744K, used 17450K [0x00000000a0000000, 0x00000000a5d80000, 0x00000000e0000000)
  object space 95744K, 18% used [0x00000000a0000000,0x00000000a110aa88,0x00000000a5d80000)
 Metaspace       used 44831K, capacity 45906K, committed 46080K, reserved 1089536K
  class space    used 6025K, capacity 6315K, committed 6400K, reserved 1048576K
Event: 7.866 GC heap after
Heap after GC invocations=12 (full 2):
 PSYoungGen      total 141824K, used 12798K [0x00000000e0000000, 0x00000000ea200000, 0x0000000100000000)
  eden space 129024K, 0% used [0x00000000e0000000,0x00000000e0000000,0x00000000e7e00000)
  from space 12800K, 99% used [0x00000000e9580000,0x00000000ea1ffbd0,0x00000000ea200000)
  to   space 14848K, 0% used [0x00000000e8500000,0x00000000e8500000,0x00000000e9380000)
 ParOldGen       total 95744K, used 19330K [0x00000000a0000000, 0x00000000a5d80000, 0x00000000e0000000)
  object space 95744K, 20% used [0x00000000a0000000,0x00000000a12e0800,0x00000000a5d80000)
 Metaspace       used 44831K, capacity 45906K, committed 46080K, reserved 1089536K
  class space    used 6025K, capacity 6315K, committed 6400K, reserved 1048576K
}

