# JRE version: OpenJDK Runtime Environment (8.0_212-b04) (build 1.8.0_212-release-1586-b04)
# Java VM: OpenJDK 64-Bit Server VM (25.212-b04 mixed mode windows-amd64 compressed oops)
Heap:
 PSYoungGen      total 152576K, used 64454K [0x00000000e0000000, 0x00000000eca80000, 0x0000000100000000)
  eden space 137728K, 36% used [0x00000000e0000000,0x00000000e3076048,0x00000000e8680000)
  from space 14848K, 99% used [0x00000000e8680000,0x00000000e94fb930,0x00000000e9500000)
  to   space 18944K, 0% used [0x00000000eb800000,0x00000000eb800000,0x00000000eca80000)
 ParOldGen       total 93184K, used 25806K [0x00000000a0000000, 0x00000000a5b00000, 0x00000000e0000000)
  object space 93184K, 27% used [0x00000000a0000000,0x00000000a1933b80,0x00000000a5b00000)
 Metaspace       used 56764K, capacity 58542K, committed 58752K, reserved 1099776K
  class space    used 7834K, capacity 8259K, committed 8320K, reserved 1048576K
GC Heap History (10 events):
Event: 5.920 GC heap before
{Heap before GC invocations=9 (full 1):
 PSYoungGen      total 77312K, used 73728K [0x00000000e0000000, 0x00000000e7c80000, 0x0000000100000000)
  eden space 65536K, 100% used [0x00000000e0000000,0x00000000e4000000,0x00000000e4000000)
  from space 11776K, 69% used [0x00000000e4000000,0x00000000e4800240,0x00000000e4b80000)
  to   space 11776K, 0% used [0x00000000e7100000,0x00000000e7100000,0x00000000e7c80000)
 ParOldGen       total 60928K, used 9607K [0x00000000a0000000, 0x00000000a3b80000, 0x00000000e0000000)
  object space 60928K, 15% used [0x00000000a0000000,0x00000000a0961fb8,0x00000000a3b80000)
 Metaspace       used 32025K, capacity 32596K, committed 32768K, reserved 1077248K
  class space    used 4393K, capacity 4587K, committed 4608K, reserved 1048576K
Event: 5.933 GC heap after
Heap after GC invocations=9 (full 1):
 PSYoungGen      total 115712K, used 8399K [0x00000000e0000000, 0x00000000e7e00000, 0x0000000100000000)
  eden space 103936K, 0% used [0x00000000e0000000,0x00000000e0000000,0x00000000e6580000)
  from space 11776K, 71% used [0x00000000e7100000,0x00000000e7933c38,0x00000000e7c80000)
  to   space 11776K, 0% used [0x00000000e6580000,0x00000000e6580000,0x00000000e7100000)
 ParOldGen       total 60928K, used 9615K [0x00000000a0000000, 0x00000000a3b80000, 0x00000000e0000000)
  object space 60928K, 15% used [0x00000000a0000000,0x00000000a0963fb8,0x00000000a3b80000)
 Metaspace       used 32025K, capacity 32596K, committed 32768K, reserved 1077248K
  class space    used 4393K, capacity 4587K, committed 4608K, reserved 1048576K
}
Event: 6.787 GC heap before
{Heap before GC invocations=10 (full 1):
 PSYoungGen      total 115712K, used 72561K [0x00000000e0000000, 0x00000000e7e00000, 0x0000000100000000)
  eden space 103936K, 61% used [0x00000000e0000000,0x00000000e3ea87c8,0x00000000e6580000)
  from space 11776K, 71% used [0x00000000e7100000,0x00000000e7933c38,0x00000000e7c80000)
  to   space 11776K, 0% used [0x00000000e6580000,0x00000000e6580000,0x00000000e7100000)
 ParOldGen       total 60928K, used 9615K [0x00000000a0000000, 0x00000000a3b80000, 0x00000000e0000000)
  object space 60928K, 15% used [0x00000000a0000000,0x00000000a0963fb8,0x00000000a3b80000)
 Metaspace       used 34575K, capacity 35424K, committed 35456K, reserved 1079296K
  class space    used 4753K, capacity 4969K, committed 4992K, reserved 1048576K
Event: 6.799 GC heap after
Heap after GC invocations=10 (full 1):
 PSYoungGen      total 115712K, used 10408K [0x00000000e0000000, 0x00000000ea380000, 0x0000000100000000)
  eden space 103936K, 0% used [0x00000000e0000000,0x00000000e0000000,0x00000000e6580000)
  from space 11776K, 88% used [0x00000000e6580000,0x00000000e6faa0a0,0x00000000e7100000)
  to   space 12800K, 0% used [0x00000000e9700000,0x00000000e9700000,0x00000000ea380000)
 ParOldGen       total 60928K, used 9623K [0x00000000a0000000, 0x00000000a3b80000, 0x00000000e0000000)
  object space 60928K, 15% used [0x00000000a0000000,0x00000000a0965fb8,0x00000000a3b80000)
 Metaspace       used 34575K, capacity 35424K, committed 35456K, reserved 1079296K
  class space    used 4753K, capacity 4969K, committed 4992K, reserved 1048576K
}
Event: 6.799 GC heap before
{Heap before GC invocations=11 (full 2):
 PSYoungGen      total 115712K, used 10408K [0x00000000e0000000, 0x00000000ea380000, 0x0000000100000000)
  eden space 103936K, 0% used [0x00000000e0000000,0x00000000e0000000,0x00000000e6580000)
  from space 11776K, 88% used [0x00000000e6580000,0x00000000e6faa0a0,0x00000000e7100000)
  to   space 12800K, 0% used [0x00000000e9700000,0x00000000e9700000,0x00000000ea380000)
 ParOldGen       total 60928K, used 9623K [0x00000000a0000000, 0x00000000a3b80000, 0x00000000e0000000)
  object space 60928K, 15% used [0x00000000a0000000,0x00000000a0965fb8,0x00000000a3b80000)
 Metaspace       used 34575K, capacity 35424K, committed 35456K, reserved 1079296K
  class space    used 4753K, capacity 4969K, committed 4992K, reserved 1048576K
Event: 6.853 GC heap after
Heap after GC invocations=11 (full 2):
 PSYoungGen      total 115712K, used 0K [0x00000000e0000000, 0x00000000ea380000, 0x0000000100000000)
  eden space 103936K, 0% used [0x00000000e0000000,0x00000000e0000000,0x00000000e6580000)
  from space 11776K, 0% used [0x00000000e6580000,0x00000000e6580000,0x00000000e7100000)
  to   space 12800K, 0% used [0x00000000e9700000,0x00000000e9700000,0x00000000ea380000)
 ParOldGen       total 93184K, used 17342K [0x00000000a0000000, 0x00000000a5b00000, 0x00000000e0000000)
  object space 93184K, 18% used [0x00000000a0000000,0x00000000a10efa18,0x00000000a5b00000)
 Metaspace       used 34550K, capacity 35340K, committed 35456K, reserved 1079296K
  class space    used 4745K, capacity 4955K, committed 4992K, reserved 1048576K
}
Event: 8.699 GC heap before
{Heap before GC invocations=12 (full 2):
 PSYoungGen      total 115712K, used 103936K [0x00000000e0000000, 0x00000000ea380000, 0x0000000100000000)
  eden space 103936K, 100% used [0x00000000e0000000,0x00000000e6580000,0x00000000e6580000)
  from space 11776K, 0% used [0x00000000e6580000,0x00000000e6580000,0x00000000e7100000)
  to   space 12800K, 0% used [0x00000000e9700000,0x00000000e9700000,0x00000000ea380000)
 ParOldGen       total 93184K, used 17342K [0x00000000a0000000, 0x00000000a5b00000, 0x00000000e0000000)
  object space 93184K, 18% used [0x00000000a0000000,0x00000000a10efa18,0x00000000a5b00000)
 Metaspace       used 44844K, capacity 45908K, committed 46336K, reserved 1089536K
  class space    used 6024K, capacity 6314K, committed 6400K, reserved 1048576K
Event: 8.714 GC heap after
Heap after GC invocations=12 (full 2):
 PSYoungGen      total 145408K, used 12775K [0x00000000e0000000, 0x00000000ea380000, 0x0000000100000000)
  eden space 132608K, 0% used [0x00000000e0000000,0x00000000e0000000,0x00000000e8180000)
  from space 12800K, 99% used [0x00000000e9700000,0x00000000ea379dc8,0x00000000ea380000)
  to   space 14848K, 0% used [0x00000000e8680000,0x00000000e8680000,0x00000000e9500000)
 ParOldGen       total 93184K, used 19440K [0x00000000a0000000, 0x00000000a5b00000, 0x00000000e0000000)
  object space 93184K, 20% used [0x00000000a0000000,0x00000000a12fc048,0x00000000a5b00000)
 Metaspace       used 44844K, capacity 45908K, committed 46336K, reserved 1089536K
  class space    used 6024K, capacity 6314K, committed 6400K, reserved 1048576K
}
Event: 11.243 GC heap before
{Heap before GC invocations=13 (full 2):
 PSYoungGen      total 145408K, used 145383K [0x00000000e0000000, 0x00000000ea380000, 0x0000000100000000)
  eden space 132608K, 100% used [0x00000000e0000000,0x00000000e8180000,0x00000000e8180000)
  from space 12800K, 99% used [0x00000000e9700000,0x00000000ea379dc8,0x00000000ea380000)
  to   space 14848K, 0% used [0x00000000e8680000,0x00000000e8680000,0x00000000e9500000)
 ParOldGen       total 93184K, used 19440K [0x00000000a0000000, 0x00000000a5b00000, 0x00000000e0000000)
  object space 93184K, 20% used [0x00000000a0000000,0x00000000a12fc048,0x00000000a5b00000)
 Metaspace       used 54001K, capacity 55668K, committed 55808K, reserved 1097728K
  class space    used 7429K, capacity 7850K, committed 7936K, reserved 1048576K
Event: 11.276 GC heap after
Heap after GC invocations=13 (full 2):
 PSYoungGen      total 152576K, used 14830K [0x00000000e0000000, 0x00000000eca80000, 0x0000000100000000)
  eden space 137728K, 0% used [0x00000000e0000000,0x00000000e0000000,0x00000000e8680000)
  from space 14848K, 99% used [0x00000000e8680000,0x00000000e94fb930,0x00000000e9500000)
  to   space 18944K, 0% used [0x00000000eb800000,0x00000000eb800000,0x00000000eca80000)
 ParOldGen       total 93184K, used 25806K [0x00000000a0000000, 0x00000000a5b00000, 0x00000000e0000000)
  object space 93184K, 27% used [0x00000000a0000000,0x00000000a1933b80,0x00000000a5b00000)
 Metaspace       used 54001K, capacity 55668K, committed 55808K, reserved 1097728K
  class space    used 7429K, capacity 7850K, committed 7936K, reserved 1048576K
}

